<?xml version="1.0" encoding="UTF-8"?>
<robot generator="Robot 3.2.2 (Python 3.9.2 on win32)" generated="20211027 11:18:28.610" rpa="false">
<suite id="s1" name="Blink22Task" source="D:\Asmaa\Blink22Task">
<suite id="s1-s1" name="Tests" source="D:\Asmaa\Blink22Task\tests">
<suite id="s1-s1-s1" name="subscriptionTest" source="D:\Asmaa\Blink22Task\tests\subscriptionTest.robot">
<kw name="starTest" library="TestBase" type="setup">
<kw name="Open Browser" library="SeleniumLibrary">
<doc>Opens a new browser instance to the optional ``url``.</doc>
<arguments>
<arg>${URL}</arg>
<arg>${Driver}</arg>
</arguments>
<msg timestamp="20211027 11:18:28.914" level="INFO">Opening browser 'chrome' to base url 'https://www.blink22.com/'.</msg>
<status status="PASS" starttime="20211027 11:18:28.913" endtime="20211027 11:18:37.200"></status>
</kw>
<kw name="Maximize Browser Window" library="SeleniumLibrary">
<doc>Maximizes current browser window.</doc>
<status status="PASS" starttime="20211027 11:18:37.200" endtime="20211027 11:18:37.331"></status>
</kw>
<status status="PASS" starttime="20211027 11:18:28.912" endtime="20211027 11:18:37.331"></status>
</kw>
<test id="s1-s1-s1-t1" name="Check fields placeholders text">
<kw name="Sleep" library="BuiltIn">
<doc>Pauses the test executed for the given time.</doc>
<arguments>
<arg>5s</arg>
</arguments>
<msg timestamp="20211027 11:18:42.341" level="INFO">Slept 5 seconds</msg>
<status status="PASS" starttime="20211027 11:18:37.332" endtime="20211027 11:18:42.341"></status>
</kw>
<kw name="OpenBlogPage" library="blogPage">
<kw name="Sleep" library="BuiltIn">
<doc>Pauses the test executed for the given time.</doc>
<arguments>
<arg>5s</arg>
</arguments>
<msg timestamp="20211027 11:18:47.351" level="INFO">Slept 5 seconds</msg>
<status status="PASS" starttime="20211027 11:18:42.342" endtime="20211027 11:18:47.352"></status>
</kw>
<kw name="Click Button" library="SeleniumLibrary">
<doc>Clicks the button identified by ``locator``.</doc>
<arguments>
<arg>${acceptCookesBtn}</arg>
</arguments>
<msg timestamp="20211027 11:18:47.355" level="INFO">Clicking button 'xpath:/html/body/div[2]/button'.</msg>
<status status="PASS" starttime="20211027 11:18:47.353" endtime="20211027 11:18:47.415"></status>
</kw>
<kw name="Go To" library="SeleniumLibrary">
<doc>Navigates the current browser window to the provided ``url``.</doc>
<arguments>
<arg>https://www.blink22.com/blog</arg>
</arguments>
<msg timestamp="20211027 11:18:47.416" level="INFO">Opening url 'https://www.blink22.com/blog'</msg>
<status status="PASS" starttime="20211027 11:18:47.416" endtime="20211027 11:18:48.691"></status>
</kw>
<status status="PASS" starttime="20211027 11:18:42.341" endtime="20211027 11:18:48.692"></status>
</kw>
<kw name="Check placeholders text" library="blogPage">
<kw name="Element Attribute Value Should Be" library="SeleniumLibrary">
<doc>Verifies element identified by ``locator`` contains expected attribute value.</doc>
<arguments>
<arg>${fristName}</arg>
<arg>placeholder</arg>
<arg>Your first name...</arg>
</arguments>
<msg timestamp="20211027 11:18:48.710" level="INFO">Element 'name:firstname' attribute 'placeholder' contains value 'Your first name...'.</msg>
<status status="PASS" starttime="20211027 11:18:48.692" endtime="20211027 11:18:48.710"></status>
</kw>
<kw name="Element Attribute Value Should Be" library="SeleniumLibrary">
<doc>Verifies element identified by ``locator`` contains expected attribute value.</doc>
<arguments>
<arg>${lastname}</arg>
<arg>placeholder</arg>
<arg>Your last name...</arg>
</arguments>
<msg timestamp="20211027 11:18:48.729" level="INFO">Element 'name:lastname' attribute 'placeholder' contains value 'Your last name...'.</msg>
<status status="PASS" starttime="20211027 11:18:48.710" endtime="20211027 11:18:48.729"></status>
</kw>
<kw name="Element Attribute Value Should Be" library="SeleniumLibrary">
<doc>Verifies element identified by ``locator`` contains expected attribute value.</doc>
<arguments>
<arg>${email}</arg>
<arg>placeholder</arg>
<arg>Your email...</arg>
</arguments>
<msg timestamp="20211027 11:18:48.745" level="INFO">Element 'name:email' attribute 'placeholder' contains value 'Your email...'.</msg>
<status status="PASS" starttime="20211027 11:18:48.729" endtime="20211027 11:18:48.745"></status>
</kw>
<status status="PASS" starttime="20211027 11:18:48.692" endtime="20211027 11:18:48.745"></status>
</kw>
<status status="PASS" starttime="20211027 11:18:37.331" endtime="20211027 11:18:48.745" critical="yes"></status>
</test>
<test id="s1-s1-s1-t2" name="Check that submission cant be done if a required field is missing">
<kw name="Check mandatory fields" library="blogPage">
<kw name="Click Button" library="SeleniumLibrary">
<doc>Clicks the button identified by ``locator``.</doc>
<arguments>
<arg>${submitBtn}</arg>
</arguments>
<msg timestamp="20211027 11:18:48.748" level="INFO">Clicking button 'id:_form_55_submit'.</msg>
<status status="PASS" starttime="20211027 11:18:48.747" endtime="20211027 11:18:48.834"></status>
</kw>
<kw name="Element Text Should Be" library="SeleniumLibrary">
<doc>Verifies that element ``locator`` contains exact the text ``expected``.</doc>
<arguments>
<arg>${errorMessageOfFristName}</arg>
<arg>This field is required.</arg>
</arguments>
<msg timestamp="20211027 11:18:48.835" level="INFO">Verifying element 'xpath:/html/body/div[1]/div/section/div[2]/div/div[2]/div/form/div[1]/div[2]/div/div/div[2]' contains exact text 'This field is required.'.</msg>
<status status="PASS" starttime="20211027 11:18:48.835" endtime="20211027 11:18:48.894"></status>
</kw>
<kw name="Element Text Should Be" library="SeleniumLibrary">
<doc>Verifies that element ``locator`` contains exact the text ``expected``.</doc>
<arguments>
<arg>${errorMessageOfLastName}</arg>
<arg>This field is required.</arg>
</arguments>
<msg timestamp="20211027 11:18:48.895" level="INFO">Verifying element 'xpath:/html/body/div[1]/div/section/div[2]/div/div[2]/div/form/div[1]/div[3]/div/div/div[2]' contains exact text 'This field is required.'.</msg>
<status status="PASS" starttime="20211027 11:18:48.895" endtime="20211027 11:18:48.923"></status>
</kw>
<kw name="Element Text Should Be" library="SeleniumLibrary">
<doc>Verifies that element ``locator`` contains exact the text ``expected``.</doc>
<arguments>
<arg>${errorMessageOfEmail}</arg>
<arg>This field is required.</arg>
</arguments>
<msg timestamp="20211027 11:18:48.924" level="INFO">Verifying element 'xpath:/html/body/div[1]/div/section/div[2]/div/div[2]/div/form/div[1]/div[4]/div/div/div[2]' contains exact text 'This field is required.'.</msg>
<status status="PASS" starttime="20211027 11:18:48.924" endtime="20211027 11:18:48.946"></status>
</kw>
<status status="PASS" starttime="20211027 11:18:48.746" endtime="20211027 11:18:48.946"></status>
</kw>
<status status="PASS" starttime="20211027 11:18:48.746" endtime="20211027 11:18:48.946" critical="yes"></status>
</test>
<test id="s1-s1-s1-t3" name="Check that Invalid email format is not accepted">
<kw name="Check that if email didnt contain dot is not accepted" library="blogPage">
<kw name="Input Text" library="SeleniumLibrary">
<doc>Types the given ``text`` into the text field identified by ``locator``.</doc>
<arguments>
<arg>${email}</arg>
<arg>invaild@Email</arg>
</arguments>
<msg timestamp="20211027 11:18:48.948" level="INFO">Typing text 'invaild@Email' into text field 'name:email'.</msg>
<status status="PASS" starttime="20211027 11:18:48.948" endtime="20211027 11:18:49.044"></status>
</kw>
<kw name="Element Text Should Be" library="SeleniumLibrary">
<doc>Verifies that element ``locator`` contains exact the text ``expected``.</doc>
<arguments>
<arg>${errorMessageOfEmail}</arg>
<arg>Enter a valid email address.</arg>
</arguments>
<msg timestamp="20211027 11:18:49.044" level="INFO">Verifying element 'xpath:/html/body/div[1]/div/section/div[2]/div/div[2]/div/form/div[1]/div[4]/div/div/div[2]' contains exact text 'Enter a valid email address.'.</msg>
<status status="PASS" starttime="20211027 11:18:49.044" endtime="20211027 11:18:49.064"></status>
</kw>
<status status="PASS" starttime="20211027 11:18:48.947" endtime="20211027 11:18:49.064"></status>
</kw>
<kw name="Check that if email didnt contain @ is not accepted" library="blogPage">
<kw name="Input Text" library="SeleniumLibrary">
<doc>Types the given ``text`` into the text field identified by ``locator``.</doc>
<arguments>
<arg>${fristName}</arg>
<arg>Asmaa</arg>
</arguments>
<msg timestamp="20211027 11:18:49.065" level="INFO">Typing text 'Asmaa' into text field 'name:firstname'.</msg>
<status status="PASS" starttime="20211027 11:18:49.065" endtime="20211027 11:18:49.145"></status>
</kw>
<kw name="Input Text" library="SeleniumLibrary">
<doc>Types the given ``text`` into the text field identified by ``locator``.</doc>
<arguments>
<arg>${lastname}</arg>
<arg>Ramadan</arg>
</arguments>
<msg timestamp="20211027 11:18:49.145" level="INFO">Typing text 'Ramadan' into text field 'name:lastname'.</msg>
<status status="PASS" starttime="20211027 11:18:49.145" endtime="20211027 11:18:49.223"></status>
</kw>
<kw name="Input Text" library="SeleniumLibrary">
<doc>Types the given ``text`` into the text field identified by ``locator``.</doc>
<arguments>
<arg>${email}</arg>
<arg>invaildEmail.com</arg>
</arguments>
<msg timestamp="20211027 11:18:49.224" level="INFO">Typing text 'invaildEmail.com' into text field 'name:email'.</msg>
<status status="PASS" starttime="20211027 11:18:49.223" endtime="20211027 11:18:49.304"></status>
</kw>
<kw name="Element Text Should Be" library="SeleniumLibrary">
<doc>Verifies that element ``locator`` contains exact the text ``expected``.</doc>
<arguments>
<arg>${errorMessageOfEmail}</arg>
<arg>Enter a valid email address.</arg>
</arguments>
<msg timestamp="20211027 11:18:49.305" level="INFO">Verifying element 'xpath:/html/body/div[1]/div/section/div[2]/div/div[2]/div/form/div[1]/div[4]/div/div/div[2]' contains exact text 'Enter a valid email address.'.</msg>
<status status="PASS" starttime="20211027 11:18:49.304" endtime="20211027 11:18:49.328"></status>
</kw>
<status status="PASS" starttime="20211027 11:18:49.065" endtime="20211027 11:18:49.328"></status>
</kw>
<status status="PASS" starttime="20211027 11:18:48.946" endtime="20211027 11:18:49.329" critical="yes"></status>
</test>
<test id="s1-s1-s1-t4" name="Check that Thanks message should appear after submission with valid data">
<kw name="Check that Thanks message after submission with valid data" library="blogPage">
<kw name="Input Text" library="SeleniumLibrary">
<doc>Types the given ``text`` into the text field identified by ``locator``.</doc>
<arguments>
<arg>${fristName}</arg>
<arg>Asmaa</arg>
</arguments>
<msg timestamp="20211027 11:18:49.331" level="INFO">Typing text 'Asmaa' into text field 'name:firstname'.</msg>
<status status="PASS" starttime="20211027 11:18:49.331" endtime="20211027 11:18:49.384"></status>
</kw>
<kw name="Input Text" library="SeleniumLibrary">
<doc>Types the given ``text`` into the text field identified by ``locator``.</doc>
<arguments>
<arg>${lastname}</arg>
<arg>Ramadan</arg>
</arguments>
<msg timestamp="20211027 11:18:49.385" level="INFO">Typing text 'Ramadan' into text field 'name:lastname'.</msg>
<status status="PASS" starttime="20211027 11:18:49.384" endtime="20211027 11:18:49.436"></status>
</kw>
<kw name="Input Text" library="SeleniumLibrary">
<doc>Types the given ``text`` into the text field identified by ``locator``.</doc>
<arguments>
<arg>${email}</arg>
<arg>asmaa.sayed@ibtikar.net.sa</arg>
</arguments>
<msg timestamp="20211027 11:18:49.436" level="INFO">Typing text 'asmaa.sayed@ibtikar.net.sa' into text field 'name:email'.</msg>
<status status="PASS" starttime="20211027 11:18:49.436" endtime="20211027 11:18:49.511"></status>
</kw>
<kw name="Click Button" library="SeleniumLibrary">
<doc>Clicks the button identified by ``locator``.</doc>
<arguments>
<arg>${submitBtn}</arg>
</arguments>
<msg timestamp="20211027 11:18:49.511" level="INFO">Clicking button 'id:_form_55_submit'.</msg>
<status status="PASS" starttime="20211027 11:18:49.511" endtime="20211027 11:18:49.543"></status>
</kw>
<kw name="Sleep" library="BuiltIn">
<doc>Pauses the test executed for the given time.</doc>
<arguments>
<arg>5s</arg>
</arguments>
<msg timestamp="20211027 11:18:54.553" level="INFO">Slept 5 seconds</msg>
<status status="PASS" starttime="20211027 11:18:49.543" endtime="20211027 11:18:54.553"></status>
</kw>
<kw name="Element Text Should Be" library="SeleniumLibrary">
<doc>Verifies that element ``locator`` contains exact the text ``expected``.</doc>
<arguments>
<arg>${thanksMessage}</arg>
<arg>Thanks for signing up! Check your inbox for your Welcome package!</arg>
</arguments>
<msg timestamp="20211027 11:18:54.554" level="INFO">Verifying element 'xpath:/html/body/div[1]/div/section/div[2]/div/div[2]/div/form/div[2]' contains exact text 'Thanks for signing up! Check your inbox for your Welcome package!'.</msg>
<status status="PASS" starttime="20211027 11:18:54.554" endtime="20211027 11:18:54.581"></status>
</kw>
<status status="PASS" starttime="20211027 11:18:49.330" endtime="20211027 11:18:54.581"></status>
</kw>
<status status="PASS" starttime="20211027 11:18:49.329" endtime="20211027 11:18:54.581" critical="yes"></status>
</test>
<kw name="endTest" library="TestBase" type="teardown">
<kw name="Close Browser" library="SeleniumLibrary">
<doc>Closes the current browser.</doc>
<status status="PASS" starttime="20211027 11:18:54.582" endtime="20211027 11:18:56.691"></status>
</kw>
<status status="PASS" starttime="20211027 11:18:54.582" endtime="20211027 11:18:56.692"></status>
</kw>
<status status="PASS" starttime="20211027 11:18:28.680" endtime="20211027 11:18:56.692"></status>
</suite>
<status status="PASS" starttime="20211027 11:18:28.676" endtime="20211027 11:18:56.697"></status>
</suite>
<status status="PASS" starttime="20211027 11:18:28.654" endtime="20211027 11:18:56.699"></status>
</suite>
<statistics>
<total>
<stat pass="4" fail="0">Critical Tests</stat>
<stat pass="4" fail="0">All Tests</stat>
</total>
<tag>
</tag>
<suite>
<stat pass="4" fail="0" id="s1" name="Blink22Task">Blink22Task</stat>
<stat pass="4" fail="0" id="s1-s1" name="Tests">Blink22Task.Tests</stat>
<stat pass="4" fail="0" id="s1-s1-s1" name="subscriptionTest">Blink22Task.Tests.subscriptionTest</stat>
</suite>
</statistics>
<errors>
</errors>
</robot>
